mode: set
github.com/Think-iT-Labs/edc-connector-client/go/service/contractdefinition/api_client.go:27.85,30.35 3 1
github.com/Think-iT-Labs/edc-connector-client/go/service/contractdefinition/api_client.go:30.35,33.17 2 1
github.com/Think-iT-Labs/edc-connector-client/go/service/contractdefinition/api_client.go:33.17,35.4 1 0
github.com/Think-iT-Labs/edc-connector-client/go/service/contractdefinition/api_client.go:37.3,37.87 1 1
github.com/Think-iT-Labs/edc-connector-client/go/service/contractdefinition/api_client.go:38.8,40.3 1 1
github.com/Think-iT-Labs/edc-connector-client/go/service/contractdefinition/api_client.go:42.2,42.16 1 1
github.com/Think-iT-Labs/edc-connector-client/go/service/contractdefinition/api_client.go:42.16,44.3 1 0
github.com/Think-iT-Labs/edc-connector-client/go/service/contractdefinition/api_client.go:46.2,47.16 2 1
github.com/Think-iT-Labs/edc-connector-client/go/service/contractdefinition/api_client.go:47.16,49.3 1 0
github.com/Think-iT-Labs/edc-connector-client/go/service/contractdefinition/api_client.go:51.2,54.16 3 1
github.com/Think-iT-Labs/edc-connector-client/go/service/contractdefinition/api_client.go:54.16,56.3 1 0
github.com/Think-iT-Labs/edc-connector-client/go/service/contractdefinition/api_client.go:58.2,58.50 1 1
github.com/Think-iT-Labs/edc-connector-client/go/service/contractdefinition/api_client.go:58.50,60.3 1 0
github.com/Think-iT-Labs/edc-connector-client/go/service/contractdefinition/api_client.go:62.2,62.36 1 1
github.com/Think-iT-Labs/edc-connector-client/go/service/contractdefinition/api_client.go:62.36,64.17 2 1
github.com/Think-iT-Labs/edc-connector-client/go/service/contractdefinition/api_client.go:64.17,66.4 1 0
github.com/Think-iT-Labs/edc-connector-client/go/service/contractdefinition/api_client.go:69.2,69.12 1 1
github.com/Think-iT-Labs/edc-connector-client/go/service/contractdefinition/api_client.go:72.43,78.2 2 1
github.com/Think-iT-Labs/edc-connector-client/go/service/contractdefinition/api_op_CreateContractDefinition.go:10.107,20.17 3 1
github.com/Think-iT-Labs/edc-connector-client/go/service/contractdefinition/api_op_CreateContractDefinition.go:20.17,22.3 1 0
github.com/Think-iT-Labs/edc-connector-client/go/service/contractdefinition/api_op_CreateContractDefinition.go:24.2,24.38 1 1
github.com/Think-iT-Labs/edc-connector-client/go/service/contractdefinition/api_op_DeleteContractDefinition.go:10.64,18.2 2 1
github.com/Think-iT-Labs/edc-connector-client/go/service/contractdefinition/api_op_GetContractDefinition.go:10.98,19.17 3 1
github.com/Think-iT-Labs/edc-connector-client/go/service/contractdefinition/api_op_GetContractDefinition.go:19.17,21.3 1 0
github.com/Think-iT-Labs/edc-connector-client/go/service/contractdefinition/api_op_GetContractDefinition.go:22.2,22.32 1 1
github.com/Think-iT-Labs/edc-connector-client/go/service/contractdefinition/api_op_ListContractDefinitions.go:11.114,14.19 2 1
github.com/Think-iT-Labs/edc-connector-client/go/service/contractdefinition/api_op_ListContractDefinitions.go:14.19,17.17 3 0
github.com/Think-iT-Labs/edc-connector-client/go/service/contractdefinition/api_op_ListContractDefinitions.go:17.17,19.4 1 0
github.com/Think-iT-Labs/edc-connector-client/go/service/contractdefinition/api_op_ListContractDefinitions.go:20.8,22.3 1 1
github.com/Think-iT-Labs/edc-connector-client/go/service/contractdefinition/api_op_ListContractDefinitions.go:24.2,33.17 3 1
github.com/Think-iT-Labs/edc-connector-client/go/service/contractdefinition/api_op_ListContractDefinitions.go:33.17,35.3 1 0
github.com/Think-iT-Labs/edc-connector-client/go/service/contractdefinition/api_op_ListContractDefinitions.go:37.2,37.34 1 1
github.com/Think-iT-Labs/edc-connector-client/go/service/contractdefinition/api_op_UpdateContractDefinition.go:10.72,18.2 2 1
