mode: set
github.com/Think-iT-Labs/edc-connector-client/go/service/policies/api_client.go:27.85,31.35 3 1
github.com/Think-iT-Labs/edc-connector-client/go/service/policies/api_client.go:31.35,34.17 2 1
github.com/Think-iT-Labs/edc-connector-client/go/service/policies/api_client.go:34.17,36.4 1 0
github.com/Think-iT-Labs/edc-connector-client/go/service/policies/api_client.go:38.3,38.87 1 1
github.com/Think-iT-Labs/edc-connector-client/go/service/policies/api_client.go:39.8,41.3 1 1
github.com/Think-iT-Labs/edc-connector-client/go/service/policies/api_client.go:43.2,43.16 1 1
github.com/Think-iT-Labs/edc-connector-client/go/service/policies/api_client.go:43.16,45.3 1 0
github.com/Think-iT-Labs/edc-connector-client/go/service/policies/api_client.go:47.2,48.16 2 1
github.com/Think-iT-Labs/edc-connector-client/go/service/policies/api_client.go:48.16,50.3 1 0
github.com/Think-iT-Labs/edc-connector-client/go/service/policies/api_client.go:52.2,55.16 3 1
github.com/Think-iT-Labs/edc-connector-client/go/service/policies/api_client.go:55.16,57.3 1 0
github.com/Think-iT-Labs/edc-connector-client/go/service/policies/api_client.go:59.2,59.50 1 1
github.com/Think-iT-Labs/edc-connector-client/go/service/policies/api_client.go:59.50,61.3 1 1
github.com/Think-iT-Labs/edc-connector-client/go/service/policies/api_client.go:63.2,63.36 1 1
github.com/Think-iT-Labs/edc-connector-client/go/service/policies/api_client.go:63.36,65.17 2 1
github.com/Think-iT-Labs/edc-connector-client/go/service/policies/api_client.go:65.17,67.4 1 0
github.com/Think-iT-Labs/edc-connector-client/go/service/policies/api_client.go:70.2,70.12 1 1
github.com/Think-iT-Labs/edc-connector-client/go/service/policies/api_client.go:74.43,80.2 2 1
github.com/Think-iT-Labs/edc-connector-client/go/service/policies/api_op_CreatePolicy.go:20.97,32.16 4 1
github.com/Think-iT-Labs/edc-connector-client/go/service/policies/api_op_CreatePolicy.go:32.16,34.3 1 1
github.com/Think-iT-Labs/edc-connector-client/go/service/policies/api_op_CreatePolicy.go:36.2,36.32 1 1
github.com/Think-iT-Labs/edc-connector-client/go/service/policies/api_op_DeletePolicy.go:10.54,18.2 2 1
github.com/Think-iT-Labs/edc-connector-client/go/service/policies/api_op_GetPolicy.go:10.72,19.17 3 1
github.com/Think-iT-Labs/edc-connector-client/go/service/policies/api_op_GetPolicy.go:19.17,21.3 1 1
github.com/Think-iT-Labs/edc-connector-client/go/service/policies/api_op_GetPolicy.go:23.2,23.30 1 1
github.com/Think-iT-Labs/edc-connector-client/go/service/policies/api_op_ListPolicies.go:20.92,23.19 2 1
github.com/Think-iT-Labs/edc-connector-client/go/service/policies/api_op_ListPolicies.go:23.19,26.17 3 0
github.com/Think-iT-Labs/edc-connector-client/go/service/policies/api_op_ListPolicies.go:26.17,28.4 1 0
github.com/Think-iT-Labs/edc-connector-client/go/service/policies/api_op_ListPolicies.go:29.8,31.3 1 1
github.com/Think-iT-Labs/edc-connector-client/go/service/policies/api_op_ListPolicies.go:33.2,42.17 3 1
github.com/Think-iT-Labs/edc-connector-client/go/service/policies/api_op_ListPolicies.go:42.17,44.3 1 1
github.com/Think-iT-Labs/edc-connector-client/go/service/policies/api_op_ListPolicies.go:45.2,45.23 1 1
