mode: set
github.com/Think-iT-Labs/edc-connector-client/go/service/policies/api_client.go:27.85,31.35 3 1
github.com/Think-iT-Labs/edc-connector-client/go/service/policies/api_client.go:31.35,34.17 2 1
github.com/Think-iT-Labs/edc-connector-client/go/service/policies/api_client.go:34.17,36.4 1 0
github.com/Think-iT-Labs/edc-connector-client/go/service/policies/api_client.go:38.3,38.87 1 1
github.com/Think-iT-Labs/edc-connector-client/go/service/policies/api_client.go:39.8,41.3 1 1
github.com/Think-iT-Labs/edc-connector-client/go/service/policies/api_client.go:43.2,43.16 1 1
github.com/Think-iT-Labs/edc-connector-client/go/service/policies/api_client.go:43.16,45.3 1 0
github.com/Think-iT-Labs/edc-connector-client/go/service/policies/api_client.go:47.2,48.16 2 1
github.com/Think-iT-Labs/edc-connector-client/go/service/policies/api_client.go:48.16,50.3 1 0
github.com/Think-iT-Labs/edc-connector-client/go/service/policies/api_client.go:52.2,55.16 3 1
github.com/Think-iT-Labs/edc-connector-client/go/service/policies/api_client.go:55.16,57.3 1 0
github.com/Think-iT-Labs/edc-connector-client/go/service/policies/api_client.go:59.2,59.50 1 1
github.com/Think-iT-Labs/edc-connector-client/go/service/policies/api_client.go:59.50,61.3 1 1
github.com/Think-iT-Labs/edc-connector-client/go/service/policies/api_client.go:63.2,63.36 1 1
github.com/Think-iT-Labs/edc-connector-client/go/service/policies/api_client.go:63.36,65.17 2 1
github.com/Think-iT-Labs/edc-connector-client/go/service/policies/api_client.go:65.17,67.4 1 0
github.com/Think-iT-Labs/edc-connector-client/go/service/policies/api_client.go:70.2,70.12 1 1
github.com/Think-iT-Labs/edc-connector-client/go/service/policies/api_client.go:74.43,80.2 2 1
github.com/Think-iT-Labs/edc-connector-client/go/service/policies/api_op_CreatePolicy.go:20.97,32.16 4 1
github.com/Think-iT-Labs/edc-connector-client/go/service/policies/api_op_CreatePolicy.go:32.16,34.3 1 1
github.com/Think-iT-Labs/edc-connector-client/go/service/policies/api_op_CreatePolicy.go:36.2,36.32 1 1
github.com/Think-iT-Labs/edc-connector-client/go/service/policies/api_op_DeletePolicy.go:10.54,18.2 2 1
github.com/Think-iT-Labs/edc-connector-client/go/service/policies/api_op_GetPolicy.go:12.72,17.16 4 1
github.com/Think-iT-Labs/edc-connector-client/go/service/policies/api_op_GetPolicy.go:17.16,19.3 1 0
github.com/Think-iT-Labs/edc-connector-client/go/service/policies/api_op_GetPolicy.go:21.2,22.16 2 1
github.com/Think-iT-Labs/edc-connector-client/go/service/policies/api_op_GetPolicy.go:22.16,24.3 1 0
github.com/Think-iT-Labs/edc-connector-client/go/service/policies/api_op_GetPolicy.go:26.2,28.16 3 1
github.com/Think-iT-Labs/edc-connector-client/go/service/policies/api_op_GetPolicy.go:28.16,30.3 1 0
github.com/Think-iT-Labs/edc-connector-client/go/service/policies/api_op_GetPolicy.go:32.2,32.37 1 1
github.com/Think-iT-Labs/edc-connector-client/go/service/policies/api_op_GetPolicy.go:32.37,34.3 1 1
github.com/Think-iT-Labs/edc-connector-client/go/service/policies/api_op_GetPolicy.go:36.2,37.16 2 1
github.com/Think-iT-Labs/edc-connector-client/go/service/policies/api_op_GetPolicy.go:37.16,39.3 1 0
github.com/Think-iT-Labs/edc-connector-client/go/service/policies/api_op_GetPolicy.go:41.2,41.31 1 1
github.com/Think-iT-Labs/edc-connector-client/go/service/policies/api_op_ListPolicies.go:24.92,27.19 2 1
github.com/Think-iT-Labs/edc-connector-client/go/service/policies/api_op_ListPolicies.go:27.19,30.17 3 0
github.com/Think-iT-Labs/edc-connector-client/go/service/policies/api_op_ListPolicies.go:30.17,32.4 1 0
github.com/Think-iT-Labs/edc-connector-client/go/service/policies/api_op_ListPolicies.go:33.8,35.3 1 1
github.com/Think-iT-Labs/edc-connector-client/go/service/policies/api_op_ListPolicies.go:37.2,42.16 4 1
github.com/Think-iT-Labs/edc-connector-client/go/service/policies/api_op_ListPolicies.go:42.16,44.3 1 0
github.com/Think-iT-Labs/edc-connector-client/go/service/policies/api_op_ListPolicies.go:46.2,47.16 2 1
github.com/Think-iT-Labs/edc-connector-client/go/service/policies/api_op_ListPolicies.go:47.16,49.3 1 0
github.com/Think-iT-Labs/edc-connector-client/go/service/policies/api_op_ListPolicies.go:51.2,52.16 2 1
github.com/Think-iT-Labs/edc-connector-client/go/service/policies/api_op_ListPolicies.go:52.16,54.3 1 0
github.com/Think-iT-Labs/edc-connector-client/go/service/policies/api_op_ListPolicies.go:56.2,58.16 3 1
github.com/Think-iT-Labs/edc-connector-client/go/service/policies/api_op_ListPolicies.go:58.16,60.3 1 0
github.com/Think-iT-Labs/edc-connector-client/go/service/policies/api_op_ListPolicies.go:62.2,62.37 1 1
github.com/Think-iT-Labs/edc-connector-client/go/service/policies/api_op_ListPolicies.go:62.37,64.3 1 1
github.com/Think-iT-Labs/edc-connector-client/go/service/policies/api_op_ListPolicies.go:66.2,67.16 2 1
github.com/Think-iT-Labs/edc-connector-client/go/service/policies/api_op_ListPolicies.go:67.16,69.3 1 0
github.com/Think-iT-Labs/edc-connector-client/go/service/policies/api_op_ListPolicies.go:71.2,71.22 1 1
