mode: set
github.com/Think-iT-Labs/edc-connector-client/go/service/contractdefinition/api_client.go:27.85,30.35 3 1
github.com/Think-iT-Labs/edc-connector-client/go/service/contractdefinition/api_client.go:30.35,33.17 2 1
github.com/Think-iT-Labs/edc-connector-client/go/service/contractdefinition/api_client.go:33.17,35.4 1 0
github.com/Think-iT-Labs/edc-connector-client/go/service/contractdefinition/api_client.go:37.3,37.87 1 1
github.com/Think-iT-Labs/edc-connector-client/go/service/contractdefinition/api_client.go:38.8,40.3 1 1
github.com/Think-iT-Labs/edc-connector-client/go/service/contractdefinition/api_client.go:42.2,42.16 1 1
github.com/Think-iT-Labs/edc-connector-client/go/service/contractdefinition/api_client.go:42.16,44.3 1 0
github.com/Think-iT-Labs/edc-connector-client/go/service/contractdefinition/api_client.go:46.2,47.16 2 1
github.com/Think-iT-Labs/edc-connector-client/go/service/contractdefinition/api_client.go:47.16,49.3 1 0
github.com/Think-iT-Labs/edc-connector-client/go/service/contractdefinition/api_client.go:51.2,54.16 3 1
github.com/Think-iT-Labs/edc-connector-client/go/service/contractdefinition/api_client.go:54.16,56.3 1 0
github.com/Think-iT-Labs/edc-connector-client/go/service/contractdefinition/api_client.go:58.2,58.50 1 1
github.com/Think-iT-Labs/edc-connector-client/go/service/contractdefinition/api_client.go:58.50,60.3 1 0
github.com/Think-iT-Labs/edc-connector-client/go/service/contractdefinition/api_client.go:62.2,62.36 1 1
github.com/Think-iT-Labs/edc-connector-client/go/service/contractdefinition/api_client.go:62.36,64.17 2 1
github.com/Think-iT-Labs/edc-connector-client/go/service/contractdefinition/api_client.go:64.17,66.4 1 0
github.com/Think-iT-Labs/edc-connector-client/go/service/contractdefinition/api_client.go:69.2,69.12 1 1
github.com/Think-iT-Labs/edc-connector-client/go/service/contractdefinition/api_client.go:72.43,78.2 2 1
github.com/Think-iT-Labs/edc-connector-client/go/service/contractdefinition/api_op_CreateContractDefinition.go:10.107,20.17 3 1
github.com/Think-iT-Labs/edc-connector-client/go/service/contractdefinition/api_op_CreateContractDefinition.go:20.17,22.3 1 0
github.com/Think-iT-Labs/edc-connector-client/go/service/contractdefinition/api_op_CreateContractDefinition.go:24.2,24.38 1 1
github.com/Think-iT-Labs/edc-connector-client/go/service/contractdefinition/api_op_DeleteContractDefinition.go:10.64,18.2 2 1
github.com/Think-iT-Labs/edc-connector-client/go/service/contractdefinition/api_op_GetContractDefinition.go:10.98,19.17 3 1
github.com/Think-iT-Labs/edc-connector-client/go/service/contractdefinition/api_op_GetContractDefinition.go:19.17,21.3 1 0
github.com/Think-iT-Labs/edc-connector-client/go/service/contractdefinition/api_op_GetContractDefinition.go:22.2,22.32 1 1
github.com/Think-iT-Labs/edc-connector-client/go/service/contractdefinition/api_op_ListContractDefinitions.go:14.115,17.19 2 1
github.com/Think-iT-Labs/edc-connector-client/go/service/contractdefinition/api_op_ListContractDefinitions.go:17.19,20.17 3 0
github.com/Think-iT-Labs/edc-connector-client/go/service/contractdefinition/api_op_ListContractDefinitions.go:20.17,22.4 1 0
github.com/Think-iT-Labs/edc-connector-client/go/service/contractdefinition/api_op_ListContractDefinitions.go:23.8,25.3 1 1
github.com/Think-iT-Labs/edc-connector-client/go/service/contractdefinition/api_op_ListContractDefinitions.go:27.2,32.16 4 1
github.com/Think-iT-Labs/edc-connector-client/go/service/contractdefinition/api_op_ListContractDefinitions.go:32.16,34.3 1 0
github.com/Think-iT-Labs/edc-connector-client/go/service/contractdefinition/api_op_ListContractDefinitions.go:37.2,38.16 2 1
github.com/Think-iT-Labs/edc-connector-client/go/service/contractdefinition/api_op_ListContractDefinitions.go:38.16,40.3 1 0
github.com/Think-iT-Labs/edc-connector-client/go/service/contractdefinition/api_op_ListContractDefinitions.go:42.2,43.16 2 1
github.com/Think-iT-Labs/edc-connector-client/go/service/contractdefinition/api_op_ListContractDefinitions.go:43.16,45.3 1 0
github.com/Think-iT-Labs/edc-connector-client/go/service/contractdefinition/api_op_ListContractDefinitions.go:47.2,49.16 3 1
github.com/Think-iT-Labs/edc-connector-client/go/service/contractdefinition/api_op_ListContractDefinitions.go:49.16,51.3 1 0
github.com/Think-iT-Labs/edc-connector-client/go/service/contractdefinition/api_op_ListContractDefinitions.go:53.2,53.37 1 1
github.com/Think-iT-Labs/edc-connector-client/go/service/contractdefinition/api_op_ListContractDefinitions.go:53.37,55.3 1 0
github.com/Think-iT-Labs/edc-connector-client/go/service/contractdefinition/api_op_ListContractDefinitions.go:57.2,58.16 2 1
github.com/Think-iT-Labs/edc-connector-client/go/service/contractdefinition/api_op_ListContractDefinitions.go:58.16,60.3 1 0
github.com/Think-iT-Labs/edc-connector-client/go/service/contractdefinition/api_op_ListContractDefinitions.go:62.2,62.33 1 1
github.com/Think-iT-Labs/edc-connector-client/go/service/contractdefinition/api_op_UpdateContractDefinition.go:13.72,16.16 3 1
github.com/Think-iT-Labs/edc-connector-client/go/service/contractdefinition/api_op_UpdateContractDefinition.go:16.16,18.3 1 0
github.com/Think-iT-Labs/edc-connector-client/go/service/contractdefinition/api_op_UpdateContractDefinition.go:20.2,21.16 2 1
github.com/Think-iT-Labs/edc-connector-client/go/service/contractdefinition/api_op_UpdateContractDefinition.go:21.16,23.3 1 0
github.com/Think-iT-Labs/edc-connector-client/go/service/contractdefinition/api_op_UpdateContractDefinition.go:25.2,26.16 2 1
github.com/Think-iT-Labs/edc-connector-client/go/service/contractdefinition/api_op_UpdateContractDefinition.go:26.16,28.3 1 0
github.com/Think-iT-Labs/edc-connector-client/go/service/contractdefinition/api_op_UpdateContractDefinition.go:30.2,32.16 3 1
github.com/Think-iT-Labs/edc-connector-client/go/service/contractdefinition/api_op_UpdateContractDefinition.go:32.16,34.3 1 0
github.com/Think-iT-Labs/edc-connector-client/go/service/contractdefinition/api_op_UpdateContractDefinition.go:36.2,36.44 1 1
github.com/Think-iT-Labs/edc-connector-client/go/service/contractdefinition/api_op_UpdateContractDefinition.go:36.44,38.3 1 0
github.com/Think-iT-Labs/edc-connector-client/go/service/contractdefinition/api_op_UpdateContractDefinition.go:40.2,40.12 1 1
