mode: set
github.com/Think-iT-Labs/edc-connector-client/go/service/contractdefinition/api_client.go:21.43,27.2 2 1
github.com/Think-iT-Labs/edc-connector-client/go/service/contractdefinition/api_op_CreateContractDefinition.go:13.107,16.16 3 1
github.com/Think-iT-Labs/edc-connector-client/go/service/contractdefinition/api_op_CreateContractDefinition.go:16.16,18.3 1 0
github.com/Think-iT-Labs/edc-connector-client/go/service/contractdefinition/api_op_CreateContractDefinition.go:20.2,21.16 2 1
github.com/Think-iT-Labs/edc-connector-client/go/service/contractdefinition/api_op_CreateContractDefinition.go:21.16,23.3 1 0
github.com/Think-iT-Labs/edc-connector-client/go/service/contractdefinition/api_op_CreateContractDefinition.go:25.2,26.16 2 1
github.com/Think-iT-Labs/edc-connector-client/go/service/contractdefinition/api_op_CreateContractDefinition.go:26.16,28.3 1 0
github.com/Think-iT-Labs/edc-connector-client/go/service/contractdefinition/api_op_CreateContractDefinition.go:30.2,32.16 3 1
github.com/Think-iT-Labs/edc-connector-client/go/service/contractdefinition/api_op_CreateContractDefinition.go:32.16,34.3 1 0
github.com/Think-iT-Labs/edc-connector-client/go/service/contractdefinition/api_op_CreateContractDefinition.go:36.2,36.37 1 1
github.com/Think-iT-Labs/edc-connector-client/go/service/contractdefinition/api_op_CreateContractDefinition.go:36.37,38.3 1 0
github.com/Think-iT-Labs/edc-connector-client/go/service/contractdefinition/api_op_CreateContractDefinition.go:40.2,42.16 3 1
github.com/Think-iT-Labs/edc-connector-client/go/service/contractdefinition/api_op_CreateContractDefinition.go:42.16,44.3 1 0
github.com/Think-iT-Labs/edc-connector-client/go/service/contractdefinition/api_op_CreateContractDefinition.go:46.2,46.39 1 1
github.com/Think-iT-Labs/edc-connector-client/go/service/contractdefinition/api_op_DeleteContractDefinition.go:11.64,15.16 3 1
github.com/Think-iT-Labs/edc-connector-client/go/service/contractdefinition/api_op_DeleteContractDefinition.go:15.16,17.3 1 0
github.com/Think-iT-Labs/edc-connector-client/go/service/contractdefinition/api_op_DeleteContractDefinition.go:19.2,20.16 2 1
github.com/Think-iT-Labs/edc-connector-client/go/service/contractdefinition/api_op_DeleteContractDefinition.go:20.16,22.3 1 0
github.com/Think-iT-Labs/edc-connector-client/go/service/contractdefinition/api_op_DeleteContractDefinition.go:24.2,26.16 3 1
github.com/Think-iT-Labs/edc-connector-client/go/service/contractdefinition/api_op_DeleteContractDefinition.go:26.16,28.3 1 0
github.com/Think-iT-Labs/edc-connector-client/go/service/contractdefinition/api_op_DeleteContractDefinition.go:30.2,30.44 1 1
github.com/Think-iT-Labs/edc-connector-client/go/service/contractdefinition/api_op_DeleteContractDefinition.go:30.44,32.3 1 0
github.com/Think-iT-Labs/edc-connector-client/go/service/contractdefinition/api_op_DeleteContractDefinition.go:34.2,34.12 1 1
github.com/Think-iT-Labs/edc-connector-client/go/service/contractdefinition/api_op_GetContractDefinition.go:12.110,17.16 4 1
github.com/Think-iT-Labs/edc-connector-client/go/service/contractdefinition/api_op_GetContractDefinition.go:17.16,19.3 1 0
github.com/Think-iT-Labs/edc-connector-client/go/service/contractdefinition/api_op_GetContractDefinition.go:21.2,22.16 2 1
github.com/Think-iT-Labs/edc-connector-client/go/service/contractdefinition/api_op_GetContractDefinition.go:22.16,24.3 1 0
github.com/Think-iT-Labs/edc-connector-client/go/service/contractdefinition/api_op_GetContractDefinition.go:25.2,28.16 3 1
github.com/Think-iT-Labs/edc-connector-client/go/service/contractdefinition/api_op_GetContractDefinition.go:28.16,30.3 1 0
github.com/Think-iT-Labs/edc-connector-client/go/service/contractdefinition/api_op_GetContractDefinition.go:32.2,32.37 1 1
github.com/Think-iT-Labs/edc-connector-client/go/service/contractdefinition/api_op_GetContractDefinition.go:32.37,34.3 1 0
github.com/Think-iT-Labs/edc-connector-client/go/service/contractdefinition/api_op_GetContractDefinition.go:36.2,37.16 2 1
github.com/Think-iT-Labs/edc-connector-client/go/service/contractdefinition/api_op_GetContractDefinition.go:37.16,39.3 1 0
github.com/Think-iT-Labs/edc-connector-client/go/service/contractdefinition/api_op_GetContractDefinition.go:41.2,41.45 1 1
github.com/Think-iT-Labs/edc-connector-client/go/service/contractdefinition/api_op_ListContractDefinitions.go:14.115,17.19 2 1
github.com/Think-iT-Labs/edc-connector-client/go/service/contractdefinition/api_op_ListContractDefinitions.go:17.19,20.17 3 0
github.com/Think-iT-Labs/edc-connector-client/go/service/contractdefinition/api_op_ListContractDefinitions.go:20.17,22.4 1 0
github.com/Think-iT-Labs/edc-connector-client/go/service/contractdefinition/api_op_ListContractDefinitions.go:23.8,25.3 1 1
github.com/Think-iT-Labs/edc-connector-client/go/service/contractdefinition/api_op_ListContractDefinitions.go:27.2,32.16 4 1
github.com/Think-iT-Labs/edc-connector-client/go/service/contractdefinition/api_op_ListContractDefinitions.go:32.16,34.3 1 0
github.com/Think-iT-Labs/edc-connector-client/go/service/contractdefinition/api_op_ListContractDefinitions.go:37.2,38.16 2 1
github.com/Think-iT-Labs/edc-connector-client/go/service/contractdefinition/api_op_ListContractDefinitions.go:38.16,40.3 1 0
github.com/Think-iT-Labs/edc-connector-client/go/service/contractdefinition/api_op_ListContractDefinitions.go:42.2,43.16 2 1
github.com/Think-iT-Labs/edc-connector-client/go/service/contractdefinition/api_op_ListContractDefinitions.go:43.16,45.3 1 0
github.com/Think-iT-Labs/edc-connector-client/go/service/contractdefinition/api_op_ListContractDefinitions.go:47.2,49.16 3 1
github.com/Think-iT-Labs/edc-connector-client/go/service/contractdefinition/api_op_ListContractDefinitions.go:49.16,51.3 1 0
github.com/Think-iT-Labs/edc-connector-client/go/service/contractdefinition/api_op_ListContractDefinitions.go:53.2,53.37 1 1
github.com/Think-iT-Labs/edc-connector-client/go/service/contractdefinition/api_op_ListContractDefinitions.go:53.37,55.3 1 0
github.com/Think-iT-Labs/edc-connector-client/go/service/contractdefinition/api_op_ListContractDefinitions.go:57.2,58.16 2 1
github.com/Think-iT-Labs/edc-connector-client/go/service/contractdefinition/api_op_ListContractDefinitions.go:58.16,60.3 1 0
github.com/Think-iT-Labs/edc-connector-client/go/service/contractdefinition/api_op_ListContractDefinitions.go:62.2,62.33 1 1
github.com/Think-iT-Labs/edc-connector-client/go/service/contractdefinition/api_op_UpdateContractDefinition.go:13.72,16.16 3 1
github.com/Think-iT-Labs/edc-connector-client/go/service/contractdefinition/api_op_UpdateContractDefinition.go:16.16,18.3 1 0
github.com/Think-iT-Labs/edc-connector-client/go/service/contractdefinition/api_op_UpdateContractDefinition.go:20.2,21.16 2 1
github.com/Think-iT-Labs/edc-connector-client/go/service/contractdefinition/api_op_UpdateContractDefinition.go:21.16,23.3 1 0
github.com/Think-iT-Labs/edc-connector-client/go/service/contractdefinition/api_op_UpdateContractDefinition.go:25.2,26.16 2 1
github.com/Think-iT-Labs/edc-connector-client/go/service/contractdefinition/api_op_UpdateContractDefinition.go:26.16,28.3 1 0
github.com/Think-iT-Labs/edc-connector-client/go/service/contractdefinition/api_op_UpdateContractDefinition.go:30.2,32.16 3 1
github.com/Think-iT-Labs/edc-connector-client/go/service/contractdefinition/api_op_UpdateContractDefinition.go:32.16,34.3 1 0
github.com/Think-iT-Labs/edc-connector-client/go/service/contractdefinition/api_op_UpdateContractDefinition.go:36.2,36.44 1 1
github.com/Think-iT-Labs/edc-connector-client/go/service/contractdefinition/api_op_UpdateContractDefinition.go:36.44,38.3 1 0
github.com/Think-iT-Labs/edc-connector-client/go/service/contractdefinition/api_op_UpdateContractDefinition.go:40.2,40.12 1 1
