mode: set
github.com/Think-iT-Labs/edc-connector-client/go/service/assets/api_client.go:27.85,31.16 2 1
github.com/Think-iT-Labs/edc-connector-client/go/service/assets/api_client.go:31.16,33.3 1 0
github.com/Think-iT-Labs/edc-connector-client/go/service/assets/api_client.go:35.2,36.16 2 1
github.com/Think-iT-Labs/edc-connector-client/go/service/assets/api_client.go:36.16,38.3 1 0
github.com/Think-iT-Labs/edc-connector-client/go/service/assets/api_client.go:40.2,41.16 2 1
github.com/Think-iT-Labs/edc-connector-client/go/service/assets/api_client.go:41.16,43.3 1 0
github.com/Think-iT-Labs/edc-connector-client/go/service/assets/api_client.go:45.2,47.16 3 1
github.com/Think-iT-Labs/edc-connector-client/go/service/assets/api_client.go:47.16,49.3 1 0
github.com/Think-iT-Labs/edc-connector-client/go/service/assets/api_client.go:51.2,51.37 1 1
github.com/Think-iT-Labs/edc-connector-client/go/service/assets/api_client.go:51.37,53.3 1 0
github.com/Think-iT-Labs/edc-connector-client/go/service/assets/api_client.go:55.2,56.16 2 1
github.com/Think-iT-Labs/edc-connector-client/go/service/assets/api_client.go:56.16,58.3 1 0
github.com/Think-iT-Labs/edc-connector-client/go/service/assets/api_client.go:60.2,60.12 1 1
github.com/Think-iT-Labs/edc-connector-client/go/service/assets/api_client.go:64.43,70.2 2 1
github.com/Think-iT-Labs/edc-connector-client/go/service/assets/api_op_CreateAsset.go:32.93,37.16 4 1
github.com/Think-iT-Labs/edc-connector-client/go/service/assets/api_op_CreateAsset.go:37.16,39.3 1 0
github.com/Think-iT-Labs/edc-connector-client/go/service/assets/api_op_CreateAsset.go:41.2,42.16 2 1
github.com/Think-iT-Labs/edc-connector-client/go/service/assets/api_op_CreateAsset.go:42.16,44.3 1 0
github.com/Think-iT-Labs/edc-connector-client/go/service/assets/api_op_CreateAsset.go:46.2,58.16 3 1
github.com/Think-iT-Labs/edc-connector-client/go/service/assets/api_op_CreateAsset.go:58.16,60.3 1 0
github.com/Think-iT-Labs/edc-connector-client/go/service/assets/api_op_CreateAsset.go:62.2,62.31 1 1
github.com/Think-iT-Labs/edc-connector-client/go/service/assets/api_op_CreateAsset.go:65.88,69.40 4 1
github.com/Think-iT-Labs/edc-connector-client/go/service/assets/api_op_CreateAsset.go:69.40,88.3 1 1
github.com/Think-iT-Labs/edc-connector-client/go/service/assets/api_op_CreateAsset.go:89.2,89.48 1 1
github.com/Think-iT-Labs/edc-connector-client/go/service/assets/api_op_CreateAsset.go:89.48,98.3 1 1
github.com/Think-iT-Labs/edc-connector-client/go/service/assets/api_op_CreateAsset.go:99.2,99.45 1 1
github.com/Think-iT-Labs/edc-connector-client/go/service/assets/api_op_CreateAsset.go:99.45,109.3 1 1
github.com/Think-iT-Labs/edc-connector-client/go/service/assets/api_op_CreateAsset.go:110.2,110.42 1 1
github.com/Think-iT-Labs/edc-connector-client/go/service/assets/api_op_CreateAsset.go:110.42,114.3 1 1
github.com/Think-iT-Labs/edc-connector-client/go/service/assets/api_op_CreateAsset.go:115.2,115.61 1 1
github.com/Think-iT-Labs/edc-connector-client/go/service/assets/api_op_CreateAsset.go:118.58,120.2 1 1
github.com/Think-iT-Labs/edc-connector-client/go/service/assets/api_op_CreateAsset.go:122.62,125.36 3 1
github.com/Think-iT-Labs/edc-connector-client/go/service/assets/api_op_CreateAsset.go:125.36,126.26 1 1
github.com/Think-iT-Labs/edc-connector-client/go/service/assets/api_op_CreateAsset.go:126.26,128.4 1 1
github.com/Think-iT-Labs/edc-connector-client/go/service/assets/api_op_CreateAsset.go:130.2,130.27 1 1
github.com/Think-iT-Labs/edc-connector-client/go/service/assets/api_op_CreateAsset.go:130.27,132.3 1 1
github.com/Think-iT-Labs/edc-connector-client/go/service/assets/api_op_CreateAsset.go:133.2,133.12 1 1
github.com/Think-iT-Labs/edc-connector-client/go/service/assets/api_op_DeleteAsset.go:11.52,15.16 3 1
github.com/Think-iT-Labs/edc-connector-client/go/service/assets/api_op_DeleteAsset.go:15.16,17.3 1 0
github.com/Think-iT-Labs/edc-connector-client/go/service/assets/api_op_DeleteAsset.go:19.2,20.16 2 1
github.com/Think-iT-Labs/edc-connector-client/go/service/assets/api_op_DeleteAsset.go:20.16,22.3 1 0
github.com/Think-iT-Labs/edc-connector-client/go/service/assets/api_op_DeleteAsset.go:24.2,26.16 3 1
github.com/Think-iT-Labs/edc-connector-client/go/service/assets/api_op_DeleteAsset.go:26.16,28.3 1 0
github.com/Think-iT-Labs/edc-connector-client/go/service/assets/api_op_DeleteAsset.go:30.2,30.44 1 1
github.com/Think-iT-Labs/edc-connector-client/go/service/assets/api_op_DeleteAsset.go:30.44,32.3 1 0
github.com/Think-iT-Labs/edc-connector-client/go/service/assets/api_op_DeleteAsset.go:34.2,34.12 1 1
github.com/Think-iT-Labs/edc-connector-client/go/service/assets/api_op_GetAsset.go:12.65,17.16 4 1
github.com/Think-iT-Labs/edc-connector-client/go/service/assets/api_op_GetAsset.go:17.16,19.3 1 0
github.com/Think-iT-Labs/edc-connector-client/go/service/assets/api_op_GetAsset.go:21.2,22.16 2 1
github.com/Think-iT-Labs/edc-connector-client/go/service/assets/api_op_GetAsset.go:22.16,24.3 1 0
github.com/Think-iT-Labs/edc-connector-client/go/service/assets/api_op_GetAsset.go:26.2,28.16 3 1
github.com/Think-iT-Labs/edc-connector-client/go/service/assets/api_op_GetAsset.go:28.16,30.3 1 0
github.com/Think-iT-Labs/edc-connector-client/go/service/assets/api_op_GetAsset.go:32.2,32.37 1 1
github.com/Think-iT-Labs/edc-connector-client/go/service/assets/api_op_GetAsset.go:32.37,34.3 1 0
github.com/Think-iT-Labs/edc-connector-client/go/service/assets/api_op_GetAsset.go:36.2,37.16 2 1
github.com/Think-iT-Labs/edc-connector-client/go/service/assets/api_op_GetAsset.go:37.16,39.3 1 0
github.com/Think-iT-Labs/edc-connector-client/go/service/assets/api_op_GetAsset.go:41.2,41.20 1 1
github.com/Think-iT-Labs/edc-connector-client/go/service/assets/api_op_GetAsset.go:44.87,49.16 4 1
github.com/Think-iT-Labs/edc-connector-client/go/service/assets/api_op_GetAsset.go:49.16,51.3 1 0
github.com/Think-iT-Labs/edc-connector-client/go/service/assets/api_op_GetAsset.go:53.2,54.16 2 1
github.com/Think-iT-Labs/edc-connector-client/go/service/assets/api_op_GetAsset.go:54.16,56.3 1 0
github.com/Think-iT-Labs/edc-connector-client/go/service/assets/api_op_GetAsset.go:58.2,60.16 3 1
github.com/Think-iT-Labs/edc-connector-client/go/service/assets/api_op_GetAsset.go:60.16,62.3 1 0
github.com/Think-iT-Labs/edc-connector-client/go/service/assets/api_op_GetAsset.go:64.2,64.37 1 1
github.com/Think-iT-Labs/edc-connector-client/go/service/assets/api_op_GetAsset.go:64.37,66.3 1 0
github.com/Think-iT-Labs/edc-connector-client/go/service/assets/api_op_GetAsset.go:68.2,69.16 2 1
github.com/Think-iT-Labs/edc-connector-client/go/service/assets/api_op_GetAsset.go:69.16,71.3 1 0
github.com/Think-iT-Labs/edc-connector-client/go/service/assets/api_op_GetAsset.go:73.2,73.20 1 1
github.com/Think-iT-Labs/edc-connector-client/go/service/assets/api_op_ListAssets.go:20.85,23.19 2 1
github.com/Think-iT-Labs/edc-connector-client/go/service/assets/api_op_ListAssets.go:23.19,26.17 3 0
github.com/Think-iT-Labs/edc-connector-client/go/service/assets/api_op_ListAssets.go:26.17,28.4 1 0
github.com/Think-iT-Labs/edc-connector-client/go/service/assets/api_op_ListAssets.go:29.8,31.3 1 1
github.com/Think-iT-Labs/edc-connector-client/go/service/assets/api_op_ListAssets.go:33.2,37.16 4 1
github.com/Think-iT-Labs/edc-connector-client/go/service/assets/api_op_ListAssets.go:37.16,39.3 1 0
github.com/Think-iT-Labs/edc-connector-client/go/service/assets/api_op_ListAssets.go:40.2,41.16 2 1
github.com/Think-iT-Labs/edc-connector-client/go/service/assets/api_op_ListAssets.go:41.16,43.3 1 0
github.com/Think-iT-Labs/edc-connector-client/go/service/assets/api_op_ListAssets.go:45.2,46.16 2 1
github.com/Think-iT-Labs/edc-connector-client/go/service/assets/api_op_ListAssets.go:46.16,48.3 1 0
github.com/Think-iT-Labs/edc-connector-client/go/service/assets/api_op_ListAssets.go:50.2,52.16 3 1
github.com/Think-iT-Labs/edc-connector-client/go/service/assets/api_op_ListAssets.go:52.16,54.3 1 0
github.com/Think-iT-Labs/edc-connector-client/go/service/assets/api_op_ListAssets.go:56.2,56.37 1 1
github.com/Think-iT-Labs/edc-connector-client/go/service/assets/api_op_ListAssets.go:56.37,58.3 1 0
github.com/Think-iT-Labs/edc-connector-client/go/service/assets/api_op_ListAssets.go:60.2,61.16 2 1
github.com/Think-iT-Labs/edc-connector-client/go/service/assets/api_op_ListAssets.go:61.16,63.3 1 0
github.com/Think-iT-Labs/edc-connector-client/go/service/assets/api_op_ListAssets.go:65.2,65.20 1 1
github.com/Think-iT-Labs/edc-connector-client/go/service/assets/api_op_UpdateAsset.go:13.83,17.16 3 1
github.com/Think-iT-Labs/edc-connector-client/go/service/assets/api_op_UpdateAsset.go:17.16,19.3 1 0
github.com/Think-iT-Labs/edc-connector-client/go/service/assets/api_op_UpdateAsset.go:21.2,22.16 2 1
github.com/Think-iT-Labs/edc-connector-client/go/service/assets/api_op_UpdateAsset.go:22.16,24.3 1 0
github.com/Think-iT-Labs/edc-connector-client/go/service/assets/api_op_UpdateAsset.go:26.2,27.16 2 1
github.com/Think-iT-Labs/edc-connector-client/go/service/assets/api_op_UpdateAsset.go:27.16,29.3 1 0
github.com/Think-iT-Labs/edc-connector-client/go/service/assets/api_op_UpdateAsset.go:31.2,33.16 3 1
github.com/Think-iT-Labs/edc-connector-client/go/service/assets/api_op_UpdateAsset.go:33.16,35.3 1 0
github.com/Think-iT-Labs/edc-connector-client/go/service/assets/api_op_UpdateAsset.go:37.2,37.44 1 1
github.com/Think-iT-Labs/edc-connector-client/go/service/assets/api_op_UpdateAsset.go:37.44,39.3 1 0
github.com/Think-iT-Labs/edc-connector-client/go/service/assets/api_op_UpdateAsset.go:41.2,41.12 1 1
github.com/Think-iT-Labs/edc-connector-client/go/service/assets/api_op_UpdateAsset.go:44.88,48.16 3 1
github.com/Think-iT-Labs/edc-connector-client/go/service/assets/api_op_UpdateAsset.go:48.16,50.3 1 0
github.com/Think-iT-Labs/edc-connector-client/go/service/assets/api_op_UpdateAsset.go:52.2,53.16 2 1
github.com/Think-iT-Labs/edc-connector-client/go/service/assets/api_op_UpdateAsset.go:53.16,55.3 1 0
github.com/Think-iT-Labs/edc-connector-client/go/service/assets/api_op_UpdateAsset.go:57.2,58.16 2 1
github.com/Think-iT-Labs/edc-connector-client/go/service/assets/api_op_UpdateAsset.go:58.16,60.3 1 0
github.com/Think-iT-Labs/edc-connector-client/go/service/assets/api_op_UpdateAsset.go:62.2,63.16 2 1
github.com/Think-iT-Labs/edc-connector-client/go/service/assets/api_op_UpdateAsset.go:63.16,65.3 1 0
github.com/Think-iT-Labs/edc-connector-client/go/service/assets/api_op_UpdateAsset.go:67.2,69.16 3 1
github.com/Think-iT-Labs/edc-connector-client/go/service/assets/api_op_UpdateAsset.go:69.16,71.3 1 0
github.com/Think-iT-Labs/edc-connector-client/go/service/assets/api_op_UpdateAsset.go:73.2,73.44 1 1
github.com/Think-iT-Labs/edc-connector-client/go/service/assets/api_op_UpdateAsset.go:73.44,75.3 1 0
github.com/Think-iT-Labs/edc-connector-client/go/service/assets/api_op_UpdateAsset.go:77.2,77.12 1 1
github.com/Think-iT-Labs/edc-connector-client/go/service/assets/types.go:27.37,27.38 0 0
github.com/Think-iT-Labs/edc-connector-client/go/service/assets/types.go:37.35,37.36 0 0
github.com/Think-iT-Labs/edc-connector-client/go/service/assets/types.go:46.38,46.39 0 0
github.com/Think-iT-Labs/edc-connector-client/go/service/assets/types.go:50.39,50.40 0 0
