mode: set
github.com/Think-iT-Labs/edc-connector-client/go/service/assets/api_client.go:27.85,31.35 3 1
github.com/Think-iT-Labs/edc-connector-client/go/service/assets/api_client.go:31.35,34.17 2 1
github.com/Think-iT-Labs/edc-connector-client/go/service/assets/api_client.go:34.17,36.4 1 0
github.com/Think-iT-Labs/edc-connector-client/go/service/assets/api_client.go:38.3,38.87 1 1
github.com/Think-iT-Labs/edc-connector-client/go/service/assets/api_client.go:39.8,41.3 1 1
github.com/Think-iT-Labs/edc-connector-client/go/service/assets/api_client.go:43.2,43.16 1 1
github.com/Think-iT-Labs/edc-connector-client/go/service/assets/api_client.go:43.16,45.3 1 0
github.com/Think-iT-Labs/edc-connector-client/go/service/assets/api_client.go:47.2,48.16 2 1
github.com/Think-iT-Labs/edc-connector-client/go/service/assets/api_client.go:48.16,50.3 1 0
github.com/Think-iT-Labs/edc-connector-client/go/service/assets/api_client.go:52.2,55.16 3 1
github.com/Think-iT-Labs/edc-connector-client/go/service/assets/api_client.go:55.16,57.3 1 0
github.com/Think-iT-Labs/edc-connector-client/go/service/assets/api_client.go:59.2,59.50 1 1
github.com/Think-iT-Labs/edc-connector-client/go/service/assets/api_client.go:59.50,61.3 1 0
github.com/Think-iT-Labs/edc-connector-client/go/service/assets/api_client.go:63.2,63.36 1 1
github.com/Think-iT-Labs/edc-connector-client/go/service/assets/api_client.go:63.36,65.17 2 1
github.com/Think-iT-Labs/edc-connector-client/go/service/assets/api_client.go:65.17,67.4 1 0
github.com/Think-iT-Labs/edc-connector-client/go/service/assets/api_client.go:70.2,70.12 1 1
github.com/Think-iT-Labs/edc-connector-client/go/service/assets/api_client.go:74.43,80.2 2 1
github.com/Think-iT-Labs/edc-connector-client/go/service/assets/api_op_CreateAsset.go:32.93,37.16 4 1
github.com/Think-iT-Labs/edc-connector-client/go/service/assets/api_op_CreateAsset.go:37.16,39.3 1 0
github.com/Think-iT-Labs/edc-connector-client/go/service/assets/api_op_CreateAsset.go:41.2,42.16 2 1
github.com/Think-iT-Labs/edc-connector-client/go/service/assets/api_op_CreateAsset.go:42.16,44.3 1 0
github.com/Think-iT-Labs/edc-connector-client/go/service/assets/api_op_CreateAsset.go:46.2,59.16 3 1
github.com/Think-iT-Labs/edc-connector-client/go/service/assets/api_op_CreateAsset.go:59.16,61.3 1 0
github.com/Think-iT-Labs/edc-connector-client/go/service/assets/api_op_CreateAsset.go:63.2,63.31 1 1
github.com/Think-iT-Labs/edc-connector-client/go/service/assets/api_op_CreateAsset.go:66.88,70.40 4 1
github.com/Think-iT-Labs/edc-connector-client/go/service/assets/api_op_CreateAsset.go:70.40,89.3 1 1
github.com/Think-iT-Labs/edc-connector-client/go/service/assets/api_op_CreateAsset.go:90.2,90.48 1 1
github.com/Think-iT-Labs/edc-connector-client/go/service/assets/api_op_CreateAsset.go:90.48,99.3 1 1
github.com/Think-iT-Labs/edc-connector-client/go/service/assets/api_op_CreateAsset.go:100.2,100.45 1 1
github.com/Think-iT-Labs/edc-connector-client/go/service/assets/api_op_CreateAsset.go:100.45,110.3 1 1
github.com/Think-iT-Labs/edc-connector-client/go/service/assets/api_op_CreateAsset.go:111.2,111.42 1 1
github.com/Think-iT-Labs/edc-connector-client/go/service/assets/api_op_CreateAsset.go:111.42,115.3 1 1
github.com/Think-iT-Labs/edc-connector-client/go/service/assets/api_op_CreateAsset.go:116.2,116.61 1 1
github.com/Think-iT-Labs/edc-connector-client/go/service/assets/api_op_CreateAsset.go:119.58,121.2 1 1
github.com/Think-iT-Labs/edc-connector-client/go/service/assets/api_op_CreateAsset.go:123.62,126.36 3 1
github.com/Think-iT-Labs/edc-connector-client/go/service/assets/api_op_CreateAsset.go:126.36,127.26 1 1
github.com/Think-iT-Labs/edc-connector-client/go/service/assets/api_op_CreateAsset.go:127.26,129.4 1 1
github.com/Think-iT-Labs/edc-connector-client/go/service/assets/api_op_CreateAsset.go:131.2,131.27 1 1
github.com/Think-iT-Labs/edc-connector-client/go/service/assets/api_op_CreateAsset.go:131.27,133.3 1 1
github.com/Think-iT-Labs/edc-connector-client/go/service/assets/api_op_CreateAsset.go:134.2,134.12 1 1
github.com/Think-iT-Labs/edc-connector-client/go/service/assets/api_op_DeleteAsset.go:10.52,19.2 2 1
github.com/Think-iT-Labs/edc-connector-client/go/service/assets/api_op_GetAsset.go:12.65,22.16 4 1
github.com/Think-iT-Labs/edc-connector-client/go/service/assets/api_op_GetAsset.go:22.16,24.3 1 0
github.com/Think-iT-Labs/edc-connector-client/go/service/assets/api_op_GetAsset.go:26.2,26.19 1 1
github.com/Think-iT-Labs/edc-connector-client/go/service/assets/api_op_GetAsset.go:29.87,34.16 4 1
github.com/Think-iT-Labs/edc-connector-client/go/service/assets/api_op_GetAsset.go:34.16,36.3 1 0
github.com/Think-iT-Labs/edc-connector-client/go/service/assets/api_op_GetAsset.go:38.2,39.16 2 1
github.com/Think-iT-Labs/edc-connector-client/go/service/assets/api_op_GetAsset.go:39.16,41.3 1 0
github.com/Think-iT-Labs/edc-connector-client/go/service/assets/api_op_GetAsset.go:43.2,45.16 3 1
github.com/Think-iT-Labs/edc-connector-client/go/service/assets/api_op_GetAsset.go:45.16,47.3 1 0
github.com/Think-iT-Labs/edc-connector-client/go/service/assets/api_op_GetAsset.go:49.2,49.37 1 1
github.com/Think-iT-Labs/edc-connector-client/go/service/assets/api_op_GetAsset.go:49.37,51.3 1 0
github.com/Think-iT-Labs/edc-connector-client/go/service/assets/api_op_GetAsset.go:53.2,54.16 2 1
github.com/Think-iT-Labs/edc-connector-client/go/service/assets/api_op_GetAsset.go:54.16,56.3 1 0
github.com/Think-iT-Labs/edc-connector-client/go/service/assets/api_op_GetAsset.go:58.2,58.20 1 1
github.com/Think-iT-Labs/edc-connector-client/go/service/assets/api_op_ListAssets.go:17.85,20.19 2 1
github.com/Think-iT-Labs/edc-connector-client/go/service/assets/api_op_ListAssets.go:20.19,23.17 3 0
github.com/Think-iT-Labs/edc-connector-client/go/service/assets/api_op_ListAssets.go:23.17,25.4 1 0
github.com/Think-iT-Labs/edc-connector-client/go/service/assets/api_op_ListAssets.go:26.8,28.3 1 1
github.com/Think-iT-Labs/edc-connector-client/go/service/assets/api_op_ListAssets.go:30.2,41.16 4 1
github.com/Think-iT-Labs/edc-connector-client/go/service/assets/api_op_ListAssets.go:41.16,43.3 1 0
github.com/Think-iT-Labs/edc-connector-client/go/service/assets/api_op_ListAssets.go:45.2,45.21 1 1
github.com/Think-iT-Labs/edc-connector-client/go/service/assets/api_op_UpdateAsset.go:10.83,19.2 2 1
github.com/Think-iT-Labs/edc-connector-client/go/service/assets/api_op_UpdateAsset.go:21.88,25.16 3 1
github.com/Think-iT-Labs/edc-connector-client/go/service/assets/api_op_UpdateAsset.go:25.16,27.3 1 0
github.com/Think-iT-Labs/edc-connector-client/go/service/assets/api_op_UpdateAsset.go:29.2,34.4 1 1
github.com/Think-iT-Labs/edc-connector-client/go/service/assets/types.go:27.37,27.38 0 0
github.com/Think-iT-Labs/edc-connector-client/go/service/assets/types.go:37.35,37.36 0 0
github.com/Think-iT-Labs/edc-connector-client/go/service/assets/types.go:46.38,46.39 0 0
github.com/Think-iT-Labs/edc-connector-client/go/service/assets/types.go:50.39,50.40 0 0
